\BOOKMARK [1][-]{section.1}{Rese\361a Hist\363rica}{}% 1
\BOOKMARK [1][-]{section.2}{Introducci\363n}{}% 2
\BOOKMARK [1][-]{section.3}{Objetivos}{}% 3
\BOOKMARK [2][-]{subsection.3.1}{Objetivos Generales}{section.3}% 4
\BOOKMARK [2][-]{subsection.3.2}{Objetivos Espec\355ficos}{section.3}% 5
\BOOKMARK [1][-]{section.4}{Justificaci\363n}{}% 6
\BOOKMARK [1][-]{section.5}{Recursos}{}% 7
\BOOKMARK [1][-]{section.6}{Cronograma de Actividades}{}% 8
\BOOKMARK [2][-]{subsection.6.1}{Biof\355sica FS210}{section.6}% 9
\BOOKMARK [2][-]{subsection.6.2}{F\355sica General para la Salud FS104}{section.6}% 10
\BOOKMARK [2][-]{subsection.6.3}{Electricidad y Magnetismo FS321IQF\355sica Moderna FS341IQ}{section.6}% 11
\BOOKMARK [2][-]{subsection.6.4}{Resumen de Actividades}{section.6}% 12
\BOOKMARK [1][-]{section.7}{Actividades Desarrolladas}{}% 13
\BOOKMARK [2][-]{subsection.7.1}{Elaboraci\363n o supervisi\363n de pruebas}{section.7}% 14
\BOOKMARK [3][-]{subsubsection.7.1.1}{Metodolog\355a}{subsection.7.1}% 15
\BOOKMARK [2][-]{subsection.7.2}{Resultados}{section.7}% 16
\BOOKMARK [2][-]{subsection.7.3}{Clases magistrales y de repaso}{section.7}% 17
\BOOKMARK [3][-]{subsubsection.7.3.1}{Metodolog\355a}{subsection.7.3}% 18
\BOOKMARK [3][-]{subsubsection.7.3.2}{Resultados}{subsection.7.3}% 19
\BOOKMARK [2][-]{subsection.7.4}{Creaci\363n de material did\341ctico}{section.7}% 20
\BOOKMARK [3][-]{subsubsection.7.4.1}{Metodolog\355a}{subsection.7.4}% 21
\BOOKMARK [3][-]{subsubsection.7.4.2}{Resultados}{subsection.7.4}% 22
\BOOKMARK [2][-]{subsection.7.5}{Dise\361o de un mini taller sobre radiaciones y radiactividad}{section.7}% 23
\BOOKMARK [3][-]{subsubsection.7.5.1}{Metodolog\355a}{subsection.7.5}% 24
\BOOKMARK [3][-]{subsubsection.7.5.2}{Resultados}{subsection.7.5}% 25
\BOOKMARK [1][-]{section.8}{Conclusiones}{}% 26
\BOOKMARK [1][-]{section*.2}{Anexos}{}% 27
\BOOKMARK [1][-]{section*.118}{Bibliograf\355a}{}% 28
